<?xml version="1.0" encoding="UTF-8"?>
<testsuite xmlns:xsi="http://www.w3.org/2001/XMLSchema-instance" xsi:noNamespaceSchemaLocation="https://maven.apache.org/surefire/maven-surefire-plugin/xsd/surefire-test-report.xsd" version="3.0.2" name="com.example.expense.ExpenseApplicationTests" time="4.543" tests="1" errors="0" skipped="0" failures="0">
  <properties>
[...]
</properties>
  <testcase name="contextLoads" classname="com.example.expense.ExpenseApplicationTests" time="0.293">
    <system-out><![CDATA[08:55:12.949 [main] INFO org.springframework.test.context.support.AnnotationConfigContextLoaderUtils -- Could not detect default configuration classes for test class [com.example.expense.ExpenseApplicationTests]: ExpenseApplicationTests does not declare any static, non-private, non-final, nested classes annotated with @Configuration.
08:55:13.009 [main] INFO org.springframework.boot.test.context.SpringBootTestContextBootstrapper -- Found @SpringBootConfiguration com.example.expense.ExpenseApplication for test class com.example.expense.ExpenseApplicationTests
08:55:13.127 [main] INFO org.springframework.boot.devtools.restart.RestartApplicationListener -- Restart disabled due to context in which it is running

  .   ____          _            __ _ _
 /\\ / ___'_ __ _ _(_)_ __  __ _ \ \ \ \
( ( )\___ | '_ | '_| | '_ \/ _` | \ \ \ \
 \\/  ___)| |_)| | | | | || (_| |  ) ) ) )
  '  |____| .__|_| |_|_| |_\__, | / / / /
 =========|_|==============|___/=/_/_/_/

 :: Spring Boot ::                (v3.5.6)

2025-11-14T08:55:13.319+07:00  INFO 20000 --- [           main] c.e.expense.ExpenseApplicationTests      : Starting ExpenseApplicationTests using Java 17.0.16 with PID 20000 (started by tran.thanh.son@sun-asterisk.com in /home/tran.thanh.son@sun-asterisk.com/Desktop/CEVC_java_son)
2025-11-14T08:55:13.321+07:00  INFO 20000 --- [           main] c.e.expense.ExpenseApplicationTests      : No active profile set, falling back to 1 default profile: "default"
2025-11-14T08:55:13.929+07:00  INFO 20000 --- [           main] .s.d.r.c.RepositoryConfigurationDelegate : Bootstrapping Spring Data JPA repositories in DEFAULT mode.
2025-11-14T08:55:13.971+07:00  INFO 20000 --- [           main] .s.d.r.c.RepositoryConfigurationDelegate : Finished Spring Data repository scanning in 34 ms. Found 2 JPA repository interfaces.
2025-11-14T08:55:14.388+07:00  INFO 20000 --- [           main] com.zaxxer.hikari.HikariDataSource       : HikariPool-1 - Starting...
2025-11-14T08:55:14.583+07:00  INFO 20000 --- [           main] com.zaxxer.hikari.pool.HikariPool        : HikariPool-1 - Added connection com.mysql.cj.jdbc.ConnectionImpl@2d47b06
2025-11-14T08:55:14.584+07:00  INFO 20000 --- [           main] com.zaxxer.hikari.HikariDataSource       : HikariPool-1 - Start completed.
2025-11-14T08:55:14.613+07:00  INFO 20000 --- [           main] org.flywaydb.core.FlywayExecutor         : Database: jdbc:mysql://localhost:3306/expense_management (MySQL 8.0)
2025-11-14T08:55:14.667+07:00  INFO 20000 --- [           main] o.f.core.internal.command.DbValidate     : Successfully validated 1 migration (execution time 00:00.028s)
2025-11-14T08:55:14.681+07:00  INFO 20000 --- [           main] o.f.core.internal.command.DbMigrate      : Current version of schema `expense_management`: 1
2025-11-14T08:55:14.685+07:00  INFO 20000 --- [           main] o.f.core.internal.command.DbMigrate      : Schema `expense_management` is up to date. No migration necessary.
2025-11-14T08:55:14.736+07:00  INFO 20000 --- [           main] o.hibernate.jpa.internal.util.LogHelper  : HHH000204: Processing PersistenceUnitInfo [name: default]
2025-11-14T08:55:14.764+07:00  INFO 20000 --- [           main] org.hibernate.Version                    : HHH000412: Hibernate ORM core version 6.6.29.Final
2025-11-14T08:55:14.785+07:00  INFO 20000 --- [           main] o.h.c.internal.RegionFactoryInitiator    : HHH000026: Second-level cache disabled
2025-11-14T08:55:14.965+07:00  INFO 20000 --- [           main] o.s.o.j.p.SpringPersistenceUnitInfo      : No LoadTimeWeaver setup: ignoring JPA class transformer
2025-11-14T08:55:14.998+07:00  WARN 20000 --- [           main] org.hibernate.orm.deprecation            : HHH90000025: MySQL8Dialect does not need to be specified explicitly using 'hibernate.dialect' (remove the property setting and it will be selected by default)
2025-11-14T08:55:14.999+07:00  WARN 20000 --- [           main] org.hibernate.orm.deprecation            : HHH90000026: MySQL8Dialect has been deprecated; use org.hibernate.dialect.MySQLDialect instead
2025-11-14T08:55:15.006+07:00  INFO 20000 --- [           main] org.hibernate.orm.connections.pooling    : HHH10001005: Database info:
	Database JDBC URL [Connecting through datasource 'HikariDataSource (HikariPool-1)']
	Database driver: undefined/unknown
	Database version: 8.0
	Autocommit mode: undefined/unknown
	Isolation level: undefined/unknown
	Minimum pool size: undefined/unknown
	Maximum pool size: undefined/unknown
2025-11-14T08:55:15.686+07:00  INFO 20000 --- [           main] o.h.e.t.j.p.i.JtaPlatformInitiator       : HHH000489: No JTA platform available (set 'hibernate.transaction.jta.platform' to enable JTA platform integration)
2025-11-14T08:55:15.721+07:00 DEBUG 20000 --- [           main] org.hibernate.SQL                        : 
    alter table activity_logs 
       modify column action enum ('CREATE','DELETE','EXPORT','IMPORT','LOGIN','LOGOUT','UPDATE') not null
Hibernate: 
    alter table activity_logs 
       modify column action enum ('CREATE','DELETE','EXPORT','IMPORT','LOGIN','LOGOUT','UPDATE') not null
2025-11-14T08:55:15.744+07:00 DEBUG 20000 --- [           main] org.hibernate.SQL                        : 
    alter table activity_logs 
       modify column entity_type enum ('BUDGET','CATEGORY','EXPENSE','INCOME','OTHER','TEMPLATE','USER') not null
Hibernate: 
    alter table activity_logs 
       modify column entity_type enum ('BUDGET','CATEGORY','EXPENSE','INCOME','OTHER','TEMPLATE','USER') not null
2025-11-14T08:55:15.765+07:00 DEBUG 20000 --- [           main] org.hibernate.SQL                        : 
    alter table budgets 
       modify column period_type enum ('MONTHLY','YEARLY')
Hibernate: 
    alter table budgets 
       modify column period_type enum ('MONTHLY','YEARLY')
2025-11-14T08:55:15.789+07:00 DEBUG 20000 --- [           main] org.hibernate.SQL                        : 
    alter table categories 
       modify column type enum ('EXPENSE','INCOME')
Hibernate: 
    alter table categories 
       modify column type enum ('EXPENSE','INCOME')
2025-11-14T08:55:15.824+07:00 DEBUG 20000 --- [           main] org.hibernate.SQL                        : 
    alter table goals 
       modify column goal_type enum ('EXPENSE_LIMIT','SAVING','SPENDING')
Hibernate: 
    alter table goals 
       modify column goal_type enum ('EXPENSE_LIMIT','SAVING','SPENDING')
2025-11-14T08:55:15.849+07:00 DEBUG 20000 --- [           main] org.hibernate.SQL                        : 
    alter table import_export_logs 
       modify column action enum ('EXPORT','IMPORT')
Hibernate: 
    alter table import_export_logs 
       modify column action enum ('EXPORT','IMPORT')
2025-11-14T08:55:15.871+07:00 DEBUG 20000 --- [           main] org.hibernate.SQL                        : 
    alter table import_export_logs 
       modify column status enum ('FAILED','SUCCESS')
Hibernate: 
    alter table import_export_logs 
       modify column status enum ('FAILED','SUCCESS')
2025-11-14T08:55:15.894+07:00 DEBUG 20000 --- [           main] org.hibernate.SQL                        : 
    alter table notifications 
       modify column notification_type enum ('GOAL_REACHED','INFO','LIMIT_EXCEEDED')
Hibernate: 
    alter table notifications 
       modify column notification_type enum ('GOAL_REACHED','INFO','LIMIT_EXCEEDED')
2025-11-14T08:55:15.918+07:00 DEBUG 20000 --- [           main] org.hibernate.SQL                        : 
    alter table notifications 
       modify column source_entity enum ('BUDGET','EXPENSE','GOAL','INCOME','SYSTEM')
Hibernate: 
    alter table notifications 
       modify column source_entity enum ('BUDGET','EXPENSE','GOAL','INCOME','SYSTEM')
2025-11-14T08:55:15.942+07:00 DEBUG 20000 --- [           main] org.hibernate.SQL                        : 
    alter table roles 
       modify column name enum ('ADMIN','USER') not null
Hibernate: 
    alter table roles 
       modify column name enum ('ADMIN','USER') not null
2025-11-14T08:55:16.042+07:00  INFO 20000 --- [           main] j.LocalContainerEntityManagerFactoryBean : Initialized JPA EntityManagerFactory for persistence unit 'default'
2025-11-14T08:55:16.268+07:00  WARN 20000 --- [           main] JpaBaseConfiguration$JpaWebConfiguration : spring.jpa.open-in-view is enabled by default. Therefore, database queries may be performed during view rendering. Explicitly configure spring.jpa.open-in-view to disable this warning
2025-11-14T08:55:16.295+07:00  INFO 20000 --- [           main] r$InitializeUserDetailsManagerConfigurer : Global AuthenticationManager configured with UserDetailsService bean with name customUserDetailsService
2025-11-14T08:55:16.536+07:00  INFO 20000 --- [           main] o.s.b.a.e.web.EndpointLinksResolver      : Exposing 1 endpoint beneath base path '/actuator'
2025-11-14T08:55:16.896+07:00  WARN 20000 --- [           main] o.s.s.c.a.web.builders.WebSecurity       : You are asking Spring Security to ignore Deferred [Mvc [pattern='/css/**'], Ant [pattern='/css/**']]. This is not recommended -- please use permitAll via HttpSecurity#authorizeHttpRequests instead.
2025-11-14T08:55:16.896+07:00  WARN 20000 --- [           main] o.s.s.c.a.web.builders.WebSecurity       : You are asking Spring Security to ignore Deferred [Mvc [pattern='/js/**'], Ant [pattern='/js/**']]. This is not recommended -- please use permitAll via HttpSecurity#authorizeHttpRequests instead.
2025-11-14T08:55:16.896+07:00  WARN 20000 --- [           main] o.s.s.c.a.web.builders.WebSecurity       : You are asking Spring Security to ignore Deferred [Mvc [pattern='/images/**'], Ant [pattern='/images/**']]. This is not recommended -- please use permitAll via HttpSecurity#authorizeHttpRequests instead.
2025-11-14T08:55:16.896+07:00  WARN 20000 --- [           main] o.s.s.c.a.web.builders.WebSecurity       : You are asking Spring Security to ignore Deferred [Mvc [pattern='/webjars/**'], Ant [pattern='/webjars/**']]. This is not recommended -- please use permitAll via HttpSecurity#authorizeHttpRequests instead.
2025-11-14T08:55:16.954+07:00  INFO 20000 --- [           main] c.e.expense.ExpenseApplicationTests      : Started ExpenseApplicationTests in 3.834 seconds (process running for 4.459)
2025-11-14T08:55:17.063+07:00 DEBUG 20000 --- [           main] org.hibernate.SQL                        : 
    select
        r1_0.id,
        r1_0.created_at,
        r1_0.description,
        r1_0.name,
        r1_0.updated_at,
        r1_0.uuid 
    from
        roles r1_0 
    where
        r1_0.name=?
Hibernate: 
    select
        r1_0.id,
        r1_0.created_at,
        r1_0.description,
        r1_0.name,
        r1_0.updated_at,
        r1_0.uuid 
    from
        roles r1_0 
    where
        r1_0.name=?
2025-11-14T08:55:17.087+07:00 DEBUG 20000 --- [           main] org.hibernate.SQL                        : 
    select
        u1_0.id,
        u1_0.created_at,
        u1_0.email,
        u1_0.is_active,
        u1_0.name,
        u1_0.password_hash,
        u1_0.role_id,
        u1_0.updated_at,
        u1_0.uuid 
    from
        users u1_0 
    where
        u1_0.email=?
Hibernate: 
    select
        u1_0.id,
        u1_0.created_at,
        u1_0.email,
        u1_0.is_active,
        u1_0.name,
        u1_0.password_hash,
        u1_0.role_id,
        u1_0.updated_at,
        u1_0.uuid 
    from
        users u1_0 
    where
        u1_0.email=?
2025-11-14T08:55:17.096+07:00 DEBUG 20000 --- [           main] org.hibernate.SQL                        : 
    select
        r1_0.id,
        r1_0.created_at,
        r1_0.description,
        r1_0.name,
        r1_0.updated_at,
        r1_0.uuid 
    from
        roles r1_0 
    where
        r1_0.id=?
Hibernate: 
    select
        r1_0.id,
        r1_0.created_at,
        r1_0.description,
        r1_0.name,
        r1_0.updated_at,
        r1_0.uuid 
    from
        roles r1_0 
    where
        r1_0.id=?
]]></system-out>
  </testcase>
</testsuite>